<?xml version="1.0" encoding="UTF-8"?>
<!-- Generated by org.testng.reporters.JUnitXMLReporter -->
<testsuite ignored="0" hostname="DESKTOP-4OI3J6B" failures="0" tests="4" name="MakeMyTripSuite(failed)" time="234.634" errors="0" timestamp="2024-08-07T19:55:06 IST">
  <testcase classname="makeMyTripTestCases.M4_PayByCreditcardTestCases" name="pay" time="23.866"/>
  <testcase classname="makeMyTripTestCases.M3_FillDeatilsTestCases" name="travelDetails" time="10.889"/>
  <testcase classname="makeMyTripTestCases.M1_SearchFlightTestCases" name="flightSearching" time="24.204"/>
  <testcase classname="makeMyTripTestCases.M2_BookFlightTestCases" name="flightBooking" time="8.469"/>
</testsuite> <!-- MakeMyTripSuite(failed) -->
