<?xml version="1.0" encoding="UTF-8"?>
<testng-results ignored="0" total="4" passed="4" failed="0" skipped="0">
  <reporter-output>
  </reporter-output>
  <suite started-at="2024-08-07T19:51:10 IST" name="Failed suite [Suite]" finished-at="2024-08-07T19:55:05 IST" duration-ms="234634">
    <groups>
    </groups>
    <test started-at="2024-08-07T19:51:10 IST" name="MakeMyTripSuite(failed)" finished-at="2024-08-07T19:55:05 IST" duration-ms="234634">
      <class name="makeMyTripTestCases.M3_FillDeatilsTestCases">
        <test-method is-config="true" signature="preRequisites()[pri:0, instance:makeMyTripTestCases.M3_FillDeatilsTestCases@710f4dc7]" started-at="2024-08-07T19:52:27 IST" name="preRequisites" finished-at="2024-08-07T19:53:00 IST" duration-ms="32558" status="PASS">
          <reporter-output>
          </reporter-output>
        </test-method> <!-- preRequisites -->
        <test-method signature="travelDetails()[pri:0, instance:makeMyTripTestCases.M3_FillDeatilsTestCases@710f4dc7]" started-at="2024-08-07T19:54:21 IST" name="travelDetails" description="Test Case to implement: M3_FillDeatilsObject Parent Class" finished-at="2024-08-07T19:54:32 IST" duration-ms="10889" status="PASS">
          <reporter-output>
          </reporter-output>
        </test-method> <!-- travelDetails -->
      </class> <!-- makeMyTripTestCases.M3_FillDeatilsTestCases -->
      <class name="makeMyTripTestCases.M4_PayByCreditcardTestCases">
        <test-method is-config="true" signature="preRequisites()[pri:0, instance:makeMyTripTestCases.M4_PayByCreditcardTestCases@2a5c8d3f]" started-at="2024-08-07T19:53:00 IST" name="preRequisites" finished-at="2024-08-07T19:53:57 IST" duration-ms="57649" status="PASS">
          <reporter-output>
          </reporter-output>
        </test-method> <!-- preRequisites -->
        <test-method signature="pay()[pri:0, instance:makeMyTripTestCases.M4_PayByCreditcardTestCases@2a5c8d3f]" started-at="2024-08-07T19:53:58 IST" name="pay" description="Test Case to implement: M4_PayByCreditcardObjects Parent Class" finished-at="2024-08-07T19:54:21 IST" duration-ms="23866" status="PASS">
          <reporter-output>
          </reporter-output>
        </test-method> <!-- pay -->
      </class> <!-- makeMyTripTestCases.M4_PayByCreditcardTestCases -->
      <class name="makeMyTripTestCases.M1_SearchFlightTestCases">
        <test-method is-config="true" signature="preRequisites()[pri:0, instance:makeMyTripTestCases.M1_SearchFlightTestCases@1ff4931d]" started-at="2024-08-07T19:51:10 IST" name="preRequisites" finished-at="2024-08-07T19:51:25 IST" duration-ms="14711" status="PASS">
          <reporter-output>
          </reporter-output>
        </test-method> <!-- preRequisites -->
        <test-method signature="flightSearching()[pri:0, instance:makeMyTripTestCases.M1_SearchFlightTestCases@1ff4931d]" started-at="2024-08-07T19:54:32 IST" name="flightSearching" description="Test Case to implement: M1_SearchFlightObjects Parent Class" finished-at="2024-08-07T19:54:57 IST" duration-ms="24204" status="PASS">
          <reporter-output>
          </reporter-output>
        </test-method> <!-- flightSearching -->
      </class> <!-- makeMyTripTestCases.M1_SearchFlightTestCases -->
      <class name="makeMyTripTestCases.M2_BookFlightTestCases">
        <test-method is-config="true" signature="preRequisites()[pri:0, instance:makeMyTripTestCases.M2_BookFlightTestCases@65e98b1c]" started-at="2024-08-07T19:51:25 IST" name="preRequisites" finished-at="2024-08-07T19:52:27 IST" duration-ms="61829" status="PASS">
          <reporter-output>
          </reporter-output>
        </test-method> <!-- preRequisites -->
        <test-method signature="flightBooking()[pri:0, instance:makeMyTripTestCases.M2_BookFlightTestCases@65e98b1c]" started-at="2024-08-07T19:54:57 IST" name="flightBooking" description="Test Case to implement: M2_BookFlightsObjects Parent Class" finished-at="2024-08-07T19:55:05 IST" duration-ms="8469" status="PASS">
          <reporter-output>
          </reporter-output>
        </test-method> <!-- flightBooking -->
      </class> <!-- makeMyTripTestCases.M2_BookFlightTestCases -->
    </test> <!-- MakeMyTripSuite(failed) -->
  </suite> <!-- Failed suite [Suite] -->
</testng-results>
